             now              
------------------------------
 2024-12-10 16:39:29.46995-05
(1 row)

 avg 
-----
    
(1 row)

              now              
-------------------------------
 2024-12-10 16:39:29.475071-05
(1 row)

                                                                                                                                                                                                                                                                 QUERY PLAN                                                                                                                                                                                                                                                                 
--------------------------------------------------------------------------------------------------------------------------------------------------------------------------------------------------------------------------------------------------------------------------------------------------------------------------------------------------------------------------------------------------------------------------------------------------------------------------------------------------------------------------------------------
 Aggregate  (cost=329.21..329.22 rows=1 width=32) (actual time=0.103..0.104 rows=1 loops=1)
   Output: avg(CASE WHEN ((user_interactions.action)::text = ANY ('{"MemoryGame - Match Guess","WhackAMoleGame - correct","Flashcards - Click - Correct","SkyRollerVocabulary - Word Completion","Story - Click - Exercise Success"}'::text[])) THEN 1 ELSE 0 END)
   ->  Bitmap Heap Scan on public.user_interactions  (cost=37.71..329.20 rows=1 width=24) (actual time=0.101..0.102 rows=0 loops=1)
         Output: user_interactions.id, user_interactions.user_id, user_interactions.user_profile_id, user_interactions.story_id, user_interactions.action, user_interactions.note, user_interactions.created_at, user_interactions.updated_at, user_interactions.ipaddress, user_interactions.activity_completion_id
         Recheck Cond: (((user_interactions.user_profile_id = 2262) AND ((user_interactions.action)::text = ANY ('{"Story - Click - Exercise Success","Story - Click - Loose a heart"}'::text[]))) OR ((user_interactions.user_profile_id = 2262) AND ((user_interactions.action)::text = ANY ('{"WhackAMoleGame - wrong","Flashcards - Click - Incorrect","MemoryGame - Match Guess","WhackAMoleGame - correct","Flashcards - Click - Correct","SkyRollerVocabulary - Word Completion"}'::text[]))))
         Filter: ((date_trunc('month'::text, user_interactions.created_at) = '2024-12-01 00:00:00'::timestamp without time zone) AND ((((user_interactions.action)::text = ANY ('{"Story - Click - Exercise Success","Story - Click - Loose a heart"}'::text[])) AND (hashed SubPlan 1)) OR ((user_interactions.action)::text = ANY ('{"WhackAMoleGame - wrong","Flashcards - Click - Incorrect","MemoryGame - Match Guess","WhackAMoleGame - correct","Flashcards - Click - Correct","SkyRollerVocabulary - Word Completion"}'::text[]))))
         Rows Removed by Filter: 47
         Heap Blocks: exact=31
         ->  BitmapOr  (cost=36.20..36.20 rows=77 width=0) (actual time=0.045..0.045 rows=0 loops=1)
               ->  Bitmap Index Scan on user_interactions_user_profile_id_action_created_at  (cost=0.00..9.47 rows=61 width=0) (actual time=0.029..0.029 rows=47 loops=1)
                     Index Cond: ((user_interactions.user_profile_id = 2262) AND ((user_interactions.action)::text = ANY ('{"Story - Click - Exercise Success","Story - Click - Loose a heart"}'::text[])))
               ->  Bitmap Index Scan on user_interactions_user_profile_id_action_created_at  (cost=0.00..26.73 rows=15 width=0) (actual time=0.015..0.015 rows=0 loops=1)
                     Index Cond: ((user_interactions.user_profile_id = 2262) AND ((user_interactions.action)::text = ANY ('{"WhackAMoleGame - wrong","Flashcards - Click - Incorrect","MemoryGame - Match Guess","WhackAMoleGame - correct","Flashcards - Click - Correct","SkyRollerVocabulary - Word Completion"}'::text[])))
         SubPlan 1
           ->  Seq Scan on public.exercise_classifications  (cost=0.00..1.43 rows=34 width=32) (never executed)
                 Output: lower((exercise_classifications.exercise_name)::text)
 Query Identifier: -8208398830128617964
 Planning Time: 0.291 ms
 Execution Time: 0.235 ms
(19 rows)

